Fri Feb 06 23:07:56 CST 2015  [debug] AvalonLogSystem initialized using logfile 'C:\Workspaces\MyEclipse 2015 CI\my-projects\.metadata\.plugins\com.genuitec.eclipse.templates\velocity.log'
Fri Feb 06 23:07:56 CST 2015   [info] ************************************************************** 
Fri Feb 06 23:07:56 CST 2015   [info] Starting Jakarta Velocity v1.4
Fri Feb 06 23:07:56 CST 2015   [info] RuntimeInstance initializing.
Fri Feb 06 23:07:56 CST 2015   [info] Default Properties File: org\apache\velocity\runtime\defaults\velocity.properties
Fri Feb 06 23:07:56 CST 2015   [info] Trying to use logger class org.apache.velocity.runtime.log.AvalonLogSystem
Fri Feb 06 23:07:56 CST 2015   [info] Using logger class org.apache.velocity.runtime.log.AvalonLogSystem
Fri Feb 06 23:07:56 CST 2015   [info] Default ResourceManager initializing. (class org.apache.velocity.runtime.resource.ResourceManagerImpl)
Fri Feb 06 23:07:56 CST 2015   [info] Resource Loader Instantiated: com.genuitec.eclipse.templates.internal.PluginResourceLoader
Fri Feb 06 23:07:56 CST 2015   [info] ResourceCache : initialized. (class org.apache.velocity.runtime.resource.ResourceCacheImpl)
Fri Feb 06 23:07:56 CST 2015   [info] Default ResourceManager initialization complete.
Fri Feb 06 23:07:56 CST 2015   [info] Loaded System Directive: org.apache.velocity.runtime.directive.Literal
Fri Feb 06 23:07:56 CST 2015   [info] Loaded System Directive: org.apache.velocity.runtime.directive.Macro
Fri Feb 06 23:07:56 CST 2015   [info] Loaded System Directive: org.apache.velocity.runtime.directive.Parse
Fri Feb 06 23:07:56 CST 2015   [info] Loaded System Directive: org.apache.velocity.runtime.directive.Include
Fri Feb 06 23:07:56 CST 2015   [info] Loaded System Directive: org.apache.velocity.runtime.directive.Foreach
Fri Feb 06 23:07:56 CST 2015   [info] Created: 20 parsers.
Fri Feb 06 23:07:56 CST 2015   [info] Velocimacro : initialization starting.
Fri Feb 06 23:07:56 CST 2015   [info] Velocimacro : adding VMs from VM library template : VM_global_library.vm
Fri Feb 06 23:07:56 CST 2015   [info] ResourceManager : found VM_global_library.vm with loader com.genuitec.eclipse.templates.internal.PluginResourceLoader
Fri Feb 06 23:07:56 CST 2015   [info] Velocimacro :  VM library template macro registration complete.
Fri Feb 06 23:07:56 CST 2015   [info] Velocimacro : allowInline = true : VMs can be defined inline in templates
Fri Feb 06 23:07:56 CST 2015   [info] Velocimacro : allowInlineToOverride = true : VMs defined inline may replace previous VM definitions
Fri Feb 06 23:07:56 CST 2015   [info] Velocimacro : allowInlineLocal = true : VMs defined inline will be local to their defining template only.
Fri Feb 06 23:07:56 CST 2015   [info] Velocimacro : messages on  : VM system will output logging messages
Fri Feb 06 23:07:56 CST 2015   [info] Velocimacro : autoload off  : VM system will not automatically reload global library macros
Fri Feb 06 23:07:56 CST 2015   [info] Velocimacro : initialization complete.
Fri Feb 06 23:07:56 CST 2015   [info] Velocity successfully started.
Fri Feb 06 23:07:56 CST 2015   [info] ResourceManager : found /templates/velocity/welcome/Jsp.vtl with loader com.genuitec.eclipse.templates.internal.PluginResourceLoader
